<?xml version="1.0" encoding="UTF-8"?>
<testng-results ignored="0" total="1" passed="1" failed="0" skipped="0">
  <reporter-output>
  </reporter-output>
  <suite started-at="2020-03-04T12:58:47 IST" name="Default suite" finished-at="2020-03-04T12:58:58 IST" duration-ms="10479">
    <groups>
    </groups>
    <test started-at="2020-03-04T12:58:47 IST" name="Default test" finished-at="2020-03-04T12:58:58 IST" duration-ms="10479">
      <class name="PagePO.Test1">
        <test-method is-config="true" signature="setUpTest()[pri:0, instance:PagePO.Test1@1eb5174b]" started-at="2020-03-04T12:58:47 IST" name="setUpTest" finished-at="2020-03-04T12:58:51 IST" duration-ms="3707" status="PASS">
          <reporter-output>
          </reporter-output>
        </test-method> <!-- setUpTest -->
        <test-method signature="googlesearch()[pri:0, instance:PagePO.Test1@1eb5174b]" started-at="2020-03-04T12:58:51 IST" name="googlesearch" finished-at="2020-03-04T12:58:55 IST" duration-ms="3807" status="PASS">
          <reporter-output>
          </reporter-output>
        </test-method> <!-- googlesearch -->
        <test-method is-config="true" signature="teardown()[pri:0, instance:PagePO.Test1@1eb5174b]" started-at="2020-03-04T12:58:55 IST" name="teardown" finished-at="2020-03-04T12:58:58 IST" duration-ms="2925" status="PASS">
          <reporter-output>
          </reporter-output>
        </test-method> <!-- teardown -->
      </class> <!-- PagePO.Test1 -->
    </test> <!-- Default test -->
  </suite> <!-- Default suite -->
</testng-results>
